<?xml version="1.0" encoding="UTF-8"?>
<!-- Generated by org.testng.reporters.JUnitReportReporter -->
<testsuite hostname="Shanjidas-MacBook-Air.local" failures="0" tests="1" name="com.learningSelenium.StateFarm" time="4.389" errors="0" timestamp="2021-12-27T02:22:33 CST" skipped="0">
  <testcase classname="com.learningSelenium.StateFarm" name="stateFarmHomePage" time="4.389"/>
  <system-out/>
</testsuite> <!-- com.learningSelenium.StateFarm -->
