<?xml version="1.0" encoding="UTF-8"?>
<!-- Generated by org.testng.reporters.JUnitReportReporter -->
<testsuite hostname="Shanjidas-MacBook-Air.local" failures="0" tests="1" name="practice_selenium_01.Day_02" time="8.173" errors="0" timestamp="2021-12-27T00:25:42 CST" skipped="0">
  <testcase classname="practice_selenium_01.Day_02" name="urlTest" time="8.173"/>
  <system-out/>
</testsuite> <!-- practice_selenium_01.Day_02 -->
